<?xml version="1.0" encoding="UTF-8"?>
<testng-results ignored="0" total="2" passed="2" failed="0" skipped="0">
  <reporter-output>
  </reporter-output>
  <suite started-at="2022-05-04T23:54:31 TRT" name="Default Suite" finished-at="2022-05-04T23:54:33 TRT" duration-ms="2127">
    <groups>
    </groups>
    <test started-at="2022-05-04T23:54:31 TRT" name="RestAssuredTest" finished-at="2022-05-04T23:54:33 TRT" duration-ms="2127">
      <class name="Test_GET">
        <test-method signature="test1()[pri:0, instance:Test_GET@279ad2e3]" started-at="2022-05-04T23:54:31 TRT" name="test1" finished-at="2022-05-04T23:54:33 TRT" duration-ms="1426" status="PASS">
          <reporter-output>
          </reporter-output>
        </test-method> <!-- test1 -->
        <test-method signature="test2()[pri:0, instance:Test_GET@279ad2e3]" started-at="2022-05-04T23:54:33 TRT" name="test2" finished-at="2022-05-04T23:54:33 TRT" duration-ms="668" status="PASS">
          <reporter-output>
          </reporter-output>
        </test-method> <!-- test2 -->
      </class> <!-- Test_GET -->
    </test> <!-- RestAssuredTest -->
  </suite> <!-- Default Suite -->
</testng-results>
